<?xml version="1.0" encoding="UTF-8"?>
<!-- Generated by org.testng.reporters.JUnitXMLReporter -->
<testsuite hostname="DESKTOP-JBGQ09U" name="Default test" tests="2" failures="0" timestamp="21 Jul 2020 18:18:20 GMT" time="26.462" errors="0">
  <testcase name="SpecAttributesPageTitleTest" time="0.015" classname="nopCommerceTestNG.qa.testcases.SpecAttributesPageTest"/>
  <testcase name="specLabelTest" time="0.034" classname="nopCommerceTestNG.qa.testcases.SpecAttributesPageTest"/>
</testsuite> <!-- Default test -->
