<?xml version="1.0" encoding="UTF-8"?>
<!-- Generated by org.testng.reporters.JUnitXMLReporter -->
<testsuite hostname="DESKTOP-JBGQ09U" name="Test" tests="39" failures="0" timestamp="21 Jul 2020 18:54:05 GMT" time="455.318" errors="0">
  <testcase name="cickHelpTest" time="0.158" classname="nopCommerceTestNG.qa.testcases.HomePageTest"/>
  <testcase name="clickCatalogTest" time="0.14" classname="nopCommerceTestNG.qa.testcases.HomePageTest"/>
  <testcase name="clickCmanagementTest" time="0.306" classname="nopCommerceTestNG.qa.testcases.HomePageTest"/>
  <testcase name="clickConfiguratioinsTest" time="0.164" classname="nopCommerceTestNG.qa.testcases.HomePageTest"/>
  <testcase name="clickCustomersTest" time="0.159" classname="nopCommerceTestNG.qa.testcases.HomePageTest"/>
  <testcase name="clickPromotionsTest" time="0.205" classname="nopCommerceTestNG.qa.testcases.HomePageTest"/>
  <testcase name="clickReportsTest" time="0.088" classname="nopCommerceTestNG.qa.testcases.HomePageTest"/>
  <testcase name="clickSalesTest" time="0.187" classname="nopCommerceTestNG.qa.testcases.HomePageTest"/>
  <testcase name="clickSystemTest" time="0.2" classname="nopCommerceTestNG.qa.testcases.HomePageTest"/>
  <testcase name="homePageTitleTest" time="0.077" classname="nopCommerceTestNG.qa.testcases.HomePageTest"/>
  <testcase name="loginPageTitle" time="0.02" classname="nopCommerceTestNG.qa.testcases.LoginPageTest"/>
  <testcase name="clickLoginPageTest" time="2.83" classname="nopCommerceTestNG.qa.testcases.LoginPageTest"/>
  <testcase name="productsPageTitleTest" time="0.01" classname="nopCommerceTestNG.qa.testcases.ProductsPageTest"/>
  <testcase name="searchProductsTest" time="0.173" classname="nopCommerceTestNG.qa.testcases.ProductsPageTest"/>
  <testcase name="searchAllCategoriesTest" time="0.245" classname="nopCommerceTestNG.qa.testcases.CategoriesPageTest"/>
  <testcase name="searchPublishOnlyTest" time="0.152" classname="nopCommerceTestNG.qa.testcases.CategoriesPageTest"/>
  <testcase name="searhUnpublishedOnly" time="0.218" classname="nopCommerceTestNG.qa.testcases.CategoriesPageTest"/>
  <testcase name="verifyPageTitleTest" time="0.009" classname="nopCommerceTestNG.qa.testcases.CategoriesPageTest"/>
  <testcase name="searchAllTest" time="0.132" classname="nopCommerceTestNG.qa.testcases.ManufacturersPageTest"/>
  <testcase name="searchPublishedOnlyTest" time="0.189" classname="nopCommerceTestNG.qa.testcases.ManufacturersPageTest"/>
  <testcase name="searchUnpublishedOnlyTest" time="0.198" classname="nopCommerceTestNG.qa.testcases.ManufacturersPageTest"/>
  <testcase name="manufacturersPageTitleTest" time="0.009" classname="nopCommerceTestNG.qa.testcases.ManufacturersPageTest"/>
  <testcase name="attributesPageTitleTest" time="0.019" classname="nopCommerceTestNG.qa.testcases.AttributesPageTest"/>
  <testcase name="clickAddNewTest" time="1.014" classname="nopCommerceTestNG.qa.testcases.AttributesPageTest"/>
  <testcase name="labelTest" time="0.067" classname="nopCommerceTestNG.qa.testcases.AttributesPageTest"/>
  <testcase name="verifyMessageTest" time="7.112" classname="nopCommerceTestNG.qa.testcases.AttributesPageTest"/>
  <testcase name="checkhDDCheckBoxTest" time="5.166" classname="nopCommerceTestNG.qa.testcases.AttributesPageTest"/>
  <testcase name="deleteSelectedTest" time="0.206" classname="nopCommerceTestNG.qa.testcases.AttributesPageTest"/>
  <testcase name="addNewAttributePageTitleTest" time="0.851" classname="nopCommerceTestNG.qa.testcases.AddNewAttributePageTest"/>
  <testcase name="searchProductReviewsTest" time="0.406" classname="nopCommerceTestNG.qa.testcases.ProductReviewsPageTest"/>
  <testcase name="productReviewsPageTitleTest" time="0.01" classname="nopCommerceTestNG.qa.testcases.ProductReviewsPageTest"/>
  <testcase name="searchAllProductReviewsTest" time="0.402" classname="nopCommerceTestNG.qa.testcases.ProductReviewsPageTest"/>
  <testcase name="searchApprovedOnlyTest" time="0.493" classname="nopCommerceTestNG.qa.testcases.ProductReviewsPageTest"/>
  <testcase name="searchDisapprovedOnlyTest" time="0.491" classname="nopCommerceTestNG.qa.testcases.ProductReviewsPageTest"/>
  <testcase name="searchTagsTest" time="0.185" classname="nopCommerceTestNG.qa.testcases.ProductTagsPageTest"/>
  <testcase name="productTagsPageTitleTest" time="0.009" classname="nopCommerceTestNG.qa.testcases.ProductTagsPageTest"/>
  <testcase name="verifyLabelTest" time="0.041" classname="nopCommerceTestNG.qa.testcases.ProductTagsPageTest"/>
  <testcase name="SpecAttributesPageTitleTest" time="0.004" classname="nopCommerceTestNG.qa.testcases.SpecAttributesPageTest"/>
  <testcase name="specLabelTest" time="0.031" classname="nopCommerceTestNG.qa.testcases.SpecAttributesPageTest"/>
</testsuite> <!-- Test -->
