<?xml version="1.0" encoding="UTF-8"?>
<!-- Generated by org.testng.reporters.JUnitXMLReporter -->
<testsuite hostname="DESKTOP-JBGQ09U" ignored="2" name="Test" tests="18" failures="0" timestamp="22 Jul 2020 20:25:08 GMT" time="196.807" errors="0">
  <testcase name="cickHelpTest" time="0.061" classname="nopCommerceTestNG.qa.testcases.HomePageTest"/>
  <testcase name="clickCatalogTest" time="0.135" classname="nopCommerceTestNG.qa.testcases.HomePageTest"/>
  <testcase name="clickCmanagementTest" time="0.165" classname="nopCommerceTestNG.qa.testcases.HomePageTest"/>
  <testcase name="clickConfiguratioinsTest" time="0.282" classname="nopCommerceTestNG.qa.testcases.HomePageTest"/>
  <testcase name="clickCustomersTest" time="0.074" classname="nopCommerceTestNG.qa.testcases.HomePageTest"/>
  <testcase name="clickPromotionsTest" time="0.131" classname="nopCommerceTestNG.qa.testcases.HomePageTest"/>
  <testcase name="clickReportsTest" time="0.137" classname="nopCommerceTestNG.qa.testcases.HomePageTest"/>
  <testcase name="clickSalesTest" time="0.193" classname="nopCommerceTestNG.qa.testcases.HomePageTest"/>
  <testcase name="clickSystemTest" time="0.288" classname="nopCommerceTestNG.qa.testcases.HomePageTest"/>
  <testcase name="homePageTitleTest" time="0.056" classname="nopCommerceTestNG.qa.testcases.HomePageTest"/>
  <testcase name="loginPageTitle" time="0.008" classname="nopCommerceTestNG.qa.testcases.LoginPageTest"/>
  <testcase name="searchProductReviewsTest" time="0.338" classname="nopCommerceTestNG.qa.testcases.ProductReviewsPageTest"/>
  <testcase name="productsPageTitleTest" time="0.008" classname="nopCommerceTestNG.qa.testcases.ProductsPageTest"/>
  <testcase name="searchAllCategoriesTest" time="0.272" classname="nopCommerceTestNG.qa.testcases.CategoriesPageTest"/>
  <testcase name="searchPublishedOnlyTest" time="0.223" classname="nopCommerceTestNG.qa.testcases.ManufacturersPageTest"/>
  <testcase name="productTagsPageTitleTest" time="0.009" classname="nopCommerceTestNG.qa.testcases.ProductTagsPageTest"/>
  <testcase name="attributesPageTitleTest" time="0.006" classname="nopCommerceTestNG.qa.testcases.AttributesPageTest"/>
  <testcase name="SpecAttributesPageTitleTest" time="0.009" classname="nopCommerceTestNG.qa.testcases.SpecAttributesPageTest"/>
  <testcase name="searchAllTest" time="0.0" classname="nopCommerceTestNG.qa.testcases.ManufacturersPageTest">
    <ignored/>
  </testcase> <!-- searchAllTest -->
  <testcase name="searchTagsTest" time="0.0" classname="nopCommerceTestNG.qa.testcases.ProductTagsPageTest">
    <ignored/>
  </testcase> <!-- searchTagsTest -->
</testsuite> <!-- Test -->
