<?xml version="1.0" encoding="UTF-8"?>
<testsuite xmlns:xsi="http://www.w3.org/2001/XMLSchema-instance" xsi:noNamespaceSchemaLocation="https://maven.apache.org/surefire/maven-surefire-plugin/xsd/surefire-test-report-3.0.xsd" version="3.0" name="TestSuite" time="197.788" tests="18" errors="0" skipped="0" failures="0">
  <properties>
[...]
</properties>
  <testcase name="cickHelpTest" classname="nopCommerceTestNG.qa.testcases.HomePageTest" time="0.072"/>
  <testcase name="clickCatalogTest" classname="nopCommerceTestNG.qa.testcases.HomePageTest" time="0.135"/>
  <testcase name="clickCmanagementTest" classname="nopCommerceTestNG.qa.testcases.HomePageTest" time="0.168"/>
  <testcase name="clickConfiguratioinsTest" classname="nopCommerceTestNG.qa.testcases.HomePageTest" time="0.282"/>
  <testcase name="clickCustomersTest" classname="nopCommerceTestNG.qa.testcases.HomePageTest" time="0.074"/>
  <testcase name="clickPromotionsTest" classname="nopCommerceTestNG.qa.testcases.HomePageTest" time="0.131"/>
  <testcase name="clickReportsTest" classname="nopCommerceTestNG.qa.testcases.HomePageTest" time="0.136"/>
  <testcase name="clickSalesTest" classname="nopCommerceTestNG.qa.testcases.HomePageTest" time="0.193"/>
  <testcase name="clickSystemTest" classname="nopCommerceTestNG.qa.testcases.HomePageTest" time="0.288"/>
  <testcase name="homePageTitleTest" classname="nopCommerceTestNG.qa.testcases.HomePageTest" time="0.056"/>
  <testcase name="loginPageTitle" classname="nopCommerceTestNG.qa.testcases.LoginPageTest" time="0.009"/>
  <testcase name="searchProductReviewsTest" classname="nopCommerceTestNG.qa.testcases.ProductReviewsPageTest" time="0.339"/>
  <testcase name="productsPageTitleTest" classname="nopCommerceTestNG.qa.testcases.ProductsPageTest" time="0.009"/>
  <testcase name="searchAllCategoriesTest" classname="nopCommerceTestNG.qa.testcases.CategoriesPageTest" time="0.273"/>
  <testcase name="searchPublishedOnlyTest" classname="nopCommerceTestNG.qa.testcases.ManufacturersPageTest" time="0.224"/>
  <testcase name="productTagsPageTitleTest" classname="nopCommerceTestNG.qa.testcases.ProductTagsPageTest" time="0.01"/>
  <testcase name="attributesPageTitleTest" classname="nopCommerceTestNG.qa.testcases.AttributesPageTest" time="0.005"/>
  <testcase name="SpecAttributesPageTitleTest" classname="nopCommerceTestNG.qa.testcases.SpecAttributesPageTest" time="0.009"/>
</testsuite>